C51 COMPILER V6.23a  TEXT2                                                                 07/16/2017 19:59:19 PAGE 1   


C51 COMPILER V6.23a, COMPILATION OF MODULE TEXT2
OBJECT MODULE PLACED IN Text2.OBJ
COMPILER INVOKED BY: C:\Keil\C51\BIN\C51.EXE Text2.c BROWSE

stmt level    source

   1          #include<reg51.h>
   2          
   3          
   4          sbit LED_FAULT = P1^6;
   5          sbit LED_CPU=P1^7;
   6          sbit buzzer=P1^5;
   7          
   8          void delay(){
   9   1      unsigned int i;
  10   1      for(i=0;i<8;i++){
  11   2      TMOD=0x01;
  12   2      TH0=0x00;
  13   2      TL0=0x00;
  14   2      TR0=1;
  15   2      while(TF0==0);
  16   2      TR0=0;
  17   2      TF0=0;
  18   2      }}
  19          void main(){
  20   1      buzzer=0;
  21   1      LED_FAULT=1;
  22   1      LED_CPU=0;
  23   1      while(1){
  24   2      LED_FAULT=~LED_FAULT;
  25   2      LED_CPU=~LED_CPU;
  26   2      delay();
  27   2      LED_FAULT=~LED_FAULT;
  28   2      LED_CPU=~LED_CPU;
  29   2      delay();
  30   2      
  31   2      }
  32   1      }


MODULE INFORMATION:   STATIC OVERLAYABLE
   CODE SIZE        =     54    ----
   CONSTANT SIZE    =   ----    ----
   XDATA SIZE       =   ----    ----
   PDATA SIZE       =   ----    ----
   DATA SIZE        =   ----    ----
   IDATA SIZE       =   ----    ----
   BIT SIZE         =   ----    ----
END OF MODULE INFORMATION.


C51 COMPILATION COMPLETE.  0 WARNING(S),  0 ERROR(S)
